-------------------------------------------------------------------------------
Test set: com.auto.complete.typeahead.TypeaheadIntegrationTest
-------------------------------------------------------------------------------
Tests run: 9, Failures: 2, Errors: 0, Skipped: 0, Time elapsed: 13.435 s <<< FAILURE! - in com.auto.complete.typeahead.TypeaheadIntegrationTest
test_when_suggestion_count_param_is_not_specified_return_def_configured_num_of_suggestions  Time elapsed: 0.046 s  <<< FAILURE!
java.lang.AssertionError: No value at JSON path "$[0]"
	at com.auto.complete.typeahead.TypeaheadIntegrationTest$PositiveTests.test_when_suggestion_count_param_is_not_specified_return_def_configured_num_of_suggestions(TypeaheadIntegrationTest.java:38)
Caused by: com.jayway.jsonpath.PathNotFoundException: No results for path: $[0]
	at com.auto.complete.typeahead.TypeaheadIntegrationTest$PositiveTests.test_when_suggestion_count_param_is_not_specified_return_def_configured_num_of_suggestions(TypeaheadIntegrationTest.java:38)

test_when_a_new_suggestion_is_inserted_into_trie_database_it_should_be_available_for_subsequent_typeahead  Time elapsed: 0.117 s  <<< FAILURE!
java.lang.AssertionError: 
JSON path "$"
Expected: a collection with size <1>
     but: collection size was <0>
	at com.auto.complete.typeahead.TypeaheadIntegrationTest$PositiveTests.test_when_a_new_suggestion_is_inserted_into_trie_database_it_should_be_available_for_subsequent_typeahead(TypeaheadIntegrationTest.java:87)

