<?xml version="1.0" encoding="UTF-8"?>
<testsuite xmlns:xsi="http://www.w3.org/2001/XMLSchema-instance" xsi:noNamespaceSchemaLocation="https://maven.apache.org/surefire/maven-surefire-plugin/xsd/surefire-test-report.xsd" name="com.auto.complete.typeahead.TypeaheadIntegrationTest" time="13.435" tests="9" errors="0" skipped="0" failures="2">
  <properties>
[...]
</properties>
  <testcase name="test_when_suggestion_count_param_is_negative_bad_req_err_response_with_apt_msg_is_returned" classname="com.auto.complete.typeahead.TypeaheadIntegrationTest$NegativeTests" time="1.363"/>
  <testcase name="test_when_an_empty_req_body_is_sent_in_post_new_suggestion_req_415_errcode_should_be_returned" classname="com.auto.complete.typeahead.TypeaheadIntegrationTest$NegativeTests" time="0.029"/>
  <testcase name="test_when_prefix_param_is_not_specified_bad_req_err_response_with_apt_msg_is_returned" classname="com.auto.complete.typeahead.TypeaheadIntegrationTest$NegativeTests" time="0.042"/>
  <testcase name="test_when_suggestion_word_is_not_specified_in_req_body_bad_req_err_response_with_apt_msg_is_returned" classname="com.auto.complete.typeahead.TypeaheadIntegrationTest$NegativeTests" time="0.304"/>
  <testcase name="test_when_suggestion_count_param_is_specified_return_only_those_num_of_suggestions" classname="com.auto.complete.typeahead.TypeaheadIntegrationTest$PositiveTests" time="1.418"/>
  <testcase name="test_when_suggestion_count_param_is_not_specified_return_def_configured_num_of_suggestions" classname="com.auto.complete.typeahead.TypeaheadIntegrationTest$PositiveTests" time="0.046">
    <failure message="No value at JSON path &quot;$[0]&quot;" type="java.lang.AssertionError">java.lang.AssertionError: No value at JSON path "$[0]"
	at com.auto.complete.typeahead.TypeaheadIntegrationTest$PositiveTests.test_when_suggestion_count_param_is_not_specified_return_def_configured_num_of_suggestions(TypeaheadIntegrationTest.java:38)
Caused by: com.jayway.jsonpath.PathNotFoundException: No results for path: $[0]
	at com.auto.complete.typeahead.TypeaheadIntegrationTest$PositiveTests.test_when_suggestion_count_param_is_not_specified_return_def_configured_num_of_suggestions(TypeaheadIntegrationTest.java:38)
</failure>
    <system-out><![CDATA[&amp#27;[2m2020-10-14 00:47:06.281&amp#27;[0;39m &amp#27;[32mDEBUG&amp#27;[0;39m &amp#27;[35m76635&amp#27;[0;39m &amp#27;[2m---&amp#27;[0;39m &amp#27;[2m[           main]&amp#27;[0;39m &amp#27;[36ms.w.s.m.m.a.RequestMappingHandlerMapping&amp#27;[0;39m &amp#27;[2m:&amp#27;[0;39m Mapped to com.auto.complete.typeahead.controller.TypeaheadController#getTypeaheadSuggestions(String, int)
&amp#27;[2m2020-10-14 00:47:06.299&amp#27;[0;39m &amp#27;[32mDEBUG&amp#27;[0;39m &amp#27;[35m76635&amp#27;[0;39m &amp#27;[2m---&amp#27;[0;39m &amp#27;[2m[           main]&amp#27;[0;39m &amp#27;[36mm.m.a.RequestResponseBodyMethodProcessor&amp#27;[0;39m &amp#27;[2m:&amp#27;[0;39m Using 'application/json', given [*/*] and supported [application/json, application/*+json, application/json, application/*+json, application/x-jackson-smile, application/cbor]
&amp#27;[2m2020-10-14 00:47:06.299&amp#27;[0;39m &amp#27;[32mDEBUG&amp#27;[0;39m &amp#27;[35m76635&amp#27;[0;39m &amp#27;[2m---&amp#27;[0;39m &amp#27;[2m[           main]&amp#27;[0;39m &amp#27;[36mm.m.a.RequestResponseBodyMethodProcessor&amp#27;[0;39m &amp#27;[2m:&amp#27;[0;39m Writing [[]]
]]></system-out>
  </testcase>
  <testcase name="test_when_a_new_suggestion_is_posted_it_should_be_inserted_into_trie_database" classname="com.auto.complete.typeahead.TypeaheadIntegrationTest$PositiveTests" time="0.573"/>
  <testcase name="test_when_a_new_suggestion_is_inserted_into_trie_database_it_should_be_available_for_subsequent_typeahead" classname="com.auto.complete.typeahead.TypeaheadIntegrationTest$PositiveTests" time="0.117">
    <failure message="JSON path &quot;$&quot;&#10;Expected: a collection with size &lt;1&gt;&#10;     but: collection size was &lt;0&gt;" type="java.lang.AssertionError"><![CDATA[java.lang.AssertionError: 
JSON path "$"
Expected: a collection with size <1>
     but: collection size was <0>
	at com.auto.complete.typeahead.TypeaheadIntegrationTest$PositiveTests.test_when_a_new_suggestion_is_inserted_into_trie_database_it_should_be_available_for_subsequent_typeahead(TypeaheadIntegrationTest.java:87)
]]></failure>
    <system-out><![CDATA[&amp#27;[2m2020-10-14 00:47:06.904&amp#27;[0;39m &amp#27;[32mDEBUG&amp#27;[0;39m &amp#27;[35m76635&amp#27;[0;39m &amp#27;[2m---&amp#27;[0;39m &amp#27;[2m[           main]&amp#27;[0;39m &amp#27;[36ms.w.s.m.m.a.RequestMappingHandlerMapping&amp#27;[0;39m &amp#27;[2m:&amp#27;[0;39m Mapped to com.auto.complete.typeahead.controller.TypeaheadController#upsertTypeaheadSuggestion(Suggestion)
&amp#27;[2m2020-10-14 00:47:06.905&amp#27;[0;39m &amp#27;[32mDEBUG&amp#27;[0;39m &amp#27;[35m76635&amp#27;[0;39m &amp#27;[2m---&amp#27;[0;39m &amp#27;[2m[           main]&amp#27;[0;39m &amp#27;[36mm.m.a.RequestResponseBodyMethodProcessor&amp#27;[0;39m &amp#27;[2m:&amp#27;[0;39m Read "application/json;charset=UTF-8" to [Suggestion(word=a_very_rare_word)]
&amp#27;[2m2020-10-14 00:47:06.993&amp#27;[0;39m &amp#27;[32mDEBUG&amp#27;[0;39m &amp#27;[35m76635&amp#27;[0;39m &amp#27;[2m---&amp#27;[0;39m &amp#27;[2m[           main]&amp#27;[0;39m &amp#27;[36ms.w.s.m.m.a.RequestMappingHandlerMapping&amp#27;[0;39m &amp#27;[2m:&amp#27;[0;39m Mapped to com.auto.complete.typeahead.controller.TypeaheadController#getTypeaheadSuggestions(String, int)
&amp#27;[2m2020-10-14 00:47:07.005&amp#27;[0;39m &amp#27;[32mDEBUG&amp#27;[0;39m &amp#27;[35m76635&amp#27;[0;39m &amp#27;[2m---&amp#27;[0;39m &amp#27;[2m[           main]&amp#27;[0;39m &amp#27;[36mm.m.a.RequestResponseBodyMethodProcessor&amp#27;[0;39m &amp#27;[2m:&amp#27;[0;39m Using 'application/json', given [*/*] and supported [application/json, application/*+json, application/json, application/*+json, application/x-jackson-smile, application/cbor]
&amp#27;[2m2020-10-14 00:47:07.006&amp#27;[0;39m &amp#27;[32mDEBUG&amp#27;[0;39m &amp#27;[35m76635&amp#27;[0;39m &amp#27;[2m---&amp#27;[0;39m &amp#27;[2m[           main]&amp#27;[0;39m &amp#27;[36mm.m.a.RequestResponseBodyMethodProcessor&amp#27;[0;39m &amp#27;[2m:&amp#27;[0;39m Writing [[]]
]]></system-out>
    <system-err><![CDATA[Phrase does not exists, so insert -a_very_rare_word
]]></system-err>
  </testcase>
  <testcase name="test_when_prefix_does_not_match_no_suggestions_are_returned" classname="com.auto.complete.typeahead.TypeaheadIntegrationTest$PositiveTests" time="0.04"/>
</testsuite>